  GameLayer.cpp
C:\Users\Home\Source\Repos\TheBindingOfAlba\TheBindingOfAlba\Audio.h(7,10): warning C4067: símbolos (token) inesperados después de la directiva del preprocesador; se esperaba una nueva línea
C:\Users\Home\Source\Repos\TheBindingOfAlba\TheBindingOfAlba\GameLayer.cpp(14,91): warning C4305: 'argumento': truncamiento de 'double' a 'float'
C:\Users\Home\Source\Repos\TheBindingOfAlba\TheBindingOfAlba\GameLayer.cpp(15,92): warning C4305: 'argumento': truncamiento de 'double' a 'float'
C:\Users\Home\Source\Repos\TheBindingOfAlba\TheBindingOfAlba\GameLayer.cpp(16,61): warning C4305: 'argumento': truncamiento de 'double' a 'float'
C:\Users\Home\Source\Repos\TheBindingOfAlba\TheBindingOfAlba\GameLayer.cpp(328,13): warning C4244: 'inicializando': conversión de 'int' a 'float'; posible pérdida de datos
C:\Users\Home\Source\Repos\TheBindingOfAlba\TheBindingOfAlba\GameLayer.cpp(329,13): warning C4244: 'inicializando': conversión de 'int' a 'float'; posible pérdida de datos
C:\Users\Home\Source\Repos\TheBindingOfAlba\TheBindingOfAlba\GameLayer.cpp(330,33): warning C4244: 'argumento': conversión de 'float' a 'int'; posible pérdida de datos
C:\Users\Home\Source\Repos\TheBindingOfAlba\TheBindingOfAlba\GameLayer.cpp(330,30): warning C4244: 'argumento': conversión de 'float' a 'int'; posible pérdida de datos
C:\Users\Home\Source\Repos\TheBindingOfAlba\TheBindingOfAlba\GameLayer.cpp(343,36): warning C4244: 'argumento': conversión de 'int' a 'float'; posible pérdida de datos
C:\Users\Home\Source\Repos\TheBindingOfAlba\TheBindingOfAlba\GameLayer.cpp(343,33): warning C4244: 'argumento': conversión de 'int' a 'float'; posible pérdida de datos
C:\Users\Home\Source\Repos\TheBindingOfAlba\TheBindingOfAlba\GameLayer.cpp(350,38): warning C4244: 'argumento': conversión de 'int' a 'float'; posible pérdida de datos
C:\Users\Home\Source\Repos\TheBindingOfAlba\TheBindingOfAlba\GameLayer.cpp(350,35): warning C4244: 'argumento': conversión de 'int' a 'float'; posible pérdida de datos
C:\Users\Home\Source\Repos\TheBindingOfAlba\TheBindingOfAlba\GameLayer.cpp(357,28): warning C4244: 'argumento': conversión de 'int' a 'float'; posible pérdida de datos
C:\Users\Home\Source\Repos\TheBindingOfAlba\TheBindingOfAlba\GameLayer.cpp(357,25): warning C4244: 'argumento': conversión de 'int' a 'float'; posible pérdida de datos
C:\Users\Home\Source\Repos\TheBindingOfAlba\TheBindingOfAlba\GameLayer.cpp(364,28): warning C4244: 'argumento': conversión de 'int' a 'float'; posible pérdida de datos
C:\Users\Home\Source\Repos\TheBindingOfAlba\TheBindingOfAlba\GameLayer.cpp(364,25): warning C4244: 'argumento': conversión de 'int' a 'float'; posible pérdida de datos
C:\Users\Home\Source\Repos\TheBindingOfAlba\TheBindingOfAlba\GameLayer.cpp(371,26): warning C4244: 'argumento': conversión de 'int' a 'float'; posible pérdida de datos
C:\Users\Home\Source\Repos\TheBindingOfAlba\TheBindingOfAlba\GameLayer.cpp(371,23): warning C4244: 'argumento': conversión de 'int' a 'float'; posible pérdida de datos
C:\Users\Home\Source\Repos\TheBindingOfAlba\TheBindingOfAlba\GameLayer.cpp(394,48): warning C4244: 'argumento': conversión de 'int' a 'float'; posible pérdida de datos
C:\Users\Home\Source\Repos\TheBindingOfAlba\TheBindingOfAlba\GameLayer.cpp(394,45): warning C4244: 'argumento': conversión de 'int' a 'float'; posible pérdida de datos
  TheBindingOfAlba.vcxproj -> C:\Users\Home\Source\Repos\TheBindingOfAlba\Debug\TheBindingOfAlba.exe
